<?xml version="1.0" encoding="UTF-8"?>
<!-- Generated by org.testng.reporters.JUnitXMLReporter -->
<testsuite hostname="LAPTOP-AP49OGSV" ignored="0" tests="3" failures="0" timestamp="13 Jul 2019 01:36:51 GMT" time="2.661" errors="0">
  <testcase name="InValidSuccessStatusCode" time="1.204" classname="ValidatingResponse"/>
  <testcase name="ValidSuccessStatusCode" time="0.533" classname="ValidatingResponse"/>
  <testcase name="ValidatSuccessStatusLine" time="0.535" classname="ValidatingResponse"/>
</testsuite>
