<?xml version="1.0" encoding="UTF-8"?>
<!-- Generated by org.testng.reporters.JUnitXMLReporter -->
<testsuite hostname="LAPTOP-AP49OGSV" ignored="1" name="Title Verification." tests="2" failures="0" timestamp="08 Aug 2018 09:55:22 GMT" time="0.027" errors="0">
  <testcase name="verifyLoginPage" time="0.008" classname="firstTestNGPackage.MercuryLoginPageGrpIds"/>
  <testcase name="verifyLoginPage1" time="0.001" classname="firstTestNGPackage.MercuryLoginPageGrpIds"/>
  <testcase name="verifyLogin" time="0.0" classname="firstTestNGPackage.MercuryLoginPageGrpIds">
    <ignored/>
  </testcase> <!-- verifyLogin -->
</testsuite> <!-- Title Verification. -->
