<?xml version="1.0" encoding="UTF-8"?>
<!-- Generated by org.testng.reporters.JUnitXMLReporter -->
<testsuite hostname="LAPTOP-AP49OGSV" ignored="0" name="Merucry Login Verification." tests="3" failures="0" timestamp="10 Aug 2018 10:31:14 GMT" time="28.474" errors="0">
  <testcase name="verifyLogin" time="2.806" classname="firstTestNGPackage.MercuryLoginPage"/>
  <testcase name="verifyLoginPage" time="0.036" classname="firstTestNGPackage.MercuryLoginPage"/>
  <testcase name="homePageTitle" time="9.453" classname="firstTestNGPackage.FirstTestNGFile"/>
</testsuite> <!-- Merucry Login Verification. -->
