<?xml version="1.0" encoding="UTF-8"?>
<testng-results skipped="0" failed="0" ignored="0" total="3" passed="3">
  <reporter-output>
  </reporter-output>
  <suite name="Default suite" duration-ms="2661" started-at="2019-07-13T01:36:47Z" finished-at="2019-07-13T01:36:50Z">
    <groups>
    </groups>
    <test name="Default test" duration-ms="2661" started-at="2019-07-13T01:36:47Z" finished-at="2019-07-13T01:36:50Z">
      <class name="ValidatingResponse">
        <test-method status="PASS" signature="Setup()[pri:0, instance:ValidatingResponse@3d921e20]" name="Setup" is-config="true" duration-ms="370" started-at="2019-07-13T01:36:47Z" finished-at="2019-07-13T01:36:47Z">
          <reporter-output>
          </reporter-output>
        </test-method> <!-- Setup -->
        <test-method status="PASS" signature="InValidSuccessStatusCode()[pri:0, instance:ValidatingResponse@3d921e20]" name="InValidSuccessStatusCode" duration-ms="1204" started-at="2019-07-13T01:36:47Z" finished-at="2019-07-13T01:36:49Z">
          <reporter-output>
          </reporter-output>
        </test-method> <!-- InValidSuccessStatusCode -->
        <test-method status="PASS" signature="Setup()[pri:0, instance:ValidatingResponse@3d921e20]" name="Setup" is-config="true" duration-ms="1" started-at="2019-07-13T01:36:49Z" finished-at="2019-07-13T01:36:49Z">
          <reporter-output>
          </reporter-output>
        </test-method> <!-- Setup -->
        <test-method status="PASS" signature="ValidSuccessStatusCode()[pri:0, instance:ValidatingResponse@3d921e20]" name="ValidSuccessStatusCode" duration-ms="533" started-at="2019-07-13T01:36:49Z" finished-at="2019-07-13T01:36:49Z">
          <reporter-output>
          </reporter-output>
        </test-method> <!-- ValidSuccessStatusCode -->
        <test-method status="PASS" signature="Setup()[pri:0, instance:ValidatingResponse@3d921e20]" name="Setup" is-config="true" duration-ms="1" started-at="2019-07-13T01:36:49Z" finished-at="2019-07-13T01:36:49Z">
          <reporter-output>
          </reporter-output>
        </test-method> <!-- Setup -->
        <test-method status="PASS" signature="ValidatSuccessStatusLine()[pri:0, instance:ValidatingResponse@3d921e20]" name="ValidatSuccessStatusLine" duration-ms="535" started-at="2019-07-13T01:36:49Z" finished-at="2019-07-13T01:36:50Z">
          <reporter-output>
          </reporter-output>
        </test-method> <!-- ValidatSuccessStatusLine -->
      </class> <!-- ValidatingResponse -->
    </test> <!-- Default test -->
  </suite> <!-- Default suite -->
</testng-results>
